<?xml version="1.0" encoding="UTF-8"?>
<!-- Generated by org.testng.reporters.JUnitReportReporter -->
<testsuite skipped="0" hostname="HP-HP" name="com.iNetbanking.testcases.AddCustomerTest_TC003" tests="1" failures="0" timestamp="05 Jun 2020 11:05:46 GMT" time="28.246" errors="0">
  <testcase name="addNewCustomer" time="28.246" classname="com.iNetbanking.testcases.AddCustomerTest_TC003"/>
</testsuite> <!-- com.iNetbanking.testcases.AddCustomerTest_TC003 -->
