<?xml version="1.0" encoding="UTF-8"?>
<!-- Generated by org.testng.reporters.JUnitReportReporter -->
<testsuite skipped="0" hostname="HP-HP" name="com.iNetbanking.testcases.LoginTest" tests="1" failures="0" timestamp="05 Jun 2020 11:16:15 GMT" time="3.145" errors="0">
  <testcase name="loginTest" time="3.145" classname="com.iNetbanking.testcases.LoginTest"/>
</testsuite> <!-- com.iNetbanking.testcases.LoginTest -->
