<?xml version="1.0" encoding="UTF-8"?>
<!-- Generated by org.testng.reporters.JUnitReportReporter -->
<testsuite skipped="0" hostname="HP-HP" name="com.iNetbanking.testcases.LoginTestDDT_TC002" tests="5" failures="0" timestamp="05 Jun 2020 11:05:46 GMT" time="61.138" errors="0">
  <testcase name="loginDDT" time="13.848" classname="com.iNetbanking.testcases.LoginTestDDT_TC002"/>
  <testcase name="loginDDT" time="25.076" classname="com.iNetbanking.testcases.LoginTestDDT_TC002"/>
  <testcase name="loginDDT" time="7.102" classname="com.iNetbanking.testcases.LoginTestDDT_TC002"/>
  <testcase name="loginDDT" time="8.322" classname="com.iNetbanking.testcases.LoginTestDDT_TC002"/>
  <testcase name="loginDDT" time="6.790" classname="com.iNetbanking.testcases.LoginTestDDT_TC002"/>
</testsuite> <!-- com.iNetbanking.testcases.LoginTestDDT_TC002 -->
